<?xml version="1.0" encoding="UTF-8"?>
<testsuite name="com.ncavchl.book.springboot.web.PostApiControllerTest" tests="1" skipped="0" failures="0" errors="0" timestamp="2021-01-23T16:04:31" hostname="LAPTOP-8NVBFI2D" time="1.195">
  <properties/>
  <testcase name="Posts_등록된다" classname="com.ncavchl.book.springboot.web.PostApiControllerTest" time="1.195"/>
  <system-out><![CDATA[01:04:22.871 [Test worker] DEBUG org.springframework.test.context.junit4.SpringJUnit4ClassRunner - SpringJUnit4ClassRunner constructor called with [class com.ncavchl.book.springboot.web.PostApiControllerTest]
01:04:22.890 [Test worker] DEBUG org.springframework.test.context.BootstrapUtils - Instantiating CacheAwareContextLoaderDelegate from class [org.springframework.test.context.cache.DefaultCacheAwareContextLoaderDelegate]
01:04:22.917 [Test worker] DEBUG org.springframework.test.context.BootstrapUtils - Instantiating BootstrapContext using constructor [public org.springframework.test.context.support.DefaultBootstrapContext(java.lang.Class,org.springframework.test.context.CacheAwareContextLoaderDelegate)]
01:04:22.950 [Test worker] DEBUG org.springframework.test.context.BootstrapUtils - Instantiating TestContextBootstrapper for test class [com.ncavchl.book.springboot.web.PostApiControllerTest] from class [org.springframework.boot.test.context.SpringBootTestContextBootstrapper]
01:04:22.979 [Test worker] INFO org.springframework.boot.test.context.SpringBootTestContextBootstrapper - Neither @ContextConfiguration nor @ContextHierarchy found for test class [com.ncavchl.book.springboot.web.PostApiControllerTest], using SpringBootContextLoader
01:04:22.983 [Test worker] DEBUG org.springframework.test.context.support.AbstractContextLoader - Did not detect default resource location for test class [com.ncavchl.book.springboot.web.PostApiControllerTest]: class path resource [com/ncavchl/book/springboot/web/PostApiControllerTest-context.xml] does not exist
01:04:22.984 [Test worker] DEBUG org.springframework.test.context.support.AbstractContextLoader - Did not detect default resource location for test class [com.ncavchl.book.springboot.web.PostApiControllerTest]: class path resource [com/ncavchl/book/springboot/web/PostApiControllerTestContext.groovy] does not exist
01:04:22.984 [Test worker] INFO org.springframework.test.context.support.AbstractContextLoader - Could not detect default resource locations for test class [com.ncavchl.book.springboot.web.PostApiControllerTest]: no resource found for suffixes {-context.xml, Context.groovy}.
01:04:22.986 [Test worker] INFO org.springframework.test.context.support.AnnotationConfigContextLoaderUtils - Could not detect default configuration classes for test class [com.ncavchl.book.springboot.web.PostApiControllerTest]: PostApiControllerTest does not declare any static, non-private, non-final, nested classes annotated with @Configuration.
01:04:23.062 [Test worker] DEBUG org.springframework.test.context.support.ActiveProfilesUtils - Could not find an 'annotation declaring class' for annotation type [org.springframework.test.context.ActiveProfiles] and class [com.ncavchl.book.springboot.web.PostApiControllerTest]
01:04:23.199 [Test worker] DEBUG org.springframework.context.annotation.ClassPathScanningCandidateComponentProvider - Identified candidate component class: file [C:\cheon\coding\backend\Springboot_aws\build\classes\java\main\com\ncavchl\book\springboot\Application.class]
01:04:23.200 [Test worker] INFO org.springframework.boot.test.context.SpringBootTestContextBootstrapper - Found @SpringBootConfiguration com.ncavchl.book.springboot.Application for test class com.ncavchl.book.springboot.web.PostApiControllerTest
01:04:23.318 [Test worker] DEBUG org.springframework.boot.test.context.SpringBootTestContextBootstrapper - @TestExecutionListeners is not present for class [com.ncavchl.book.springboot.web.PostApiControllerTest]: using defaults.
01:04:23.319 [Test worker] INFO org.springframework.boot.test.context.SpringBootTestContextBootstrapper - Loaded default TestExecutionListener class names from location [META-INF/spring.factories]: [org.springframework.boot.test.autoconfigure.restdocs.RestDocsTestExecutionListener, org.springframework.boot.test.autoconfigure.web.client.MockRestServiceServerResetTestExecutionListener, org.springframework.boot.test.autoconfigure.web.servlet.MockMvcPrintOnlyOnFailureTestExecutionListener, org.springframework.boot.test.autoconfigure.web.servlet.WebDriverTestExecutionListener, org.springframework.boot.test.mock.mockito.MockitoTestExecutionListener, org.springframework.boot.test.mock.mockito.ResetMocksTestExecutionListener, org.springframework.test.context.web.ServletTestExecutionListener, org.springframework.test.context.support.DirtiesContextBeforeModesTestExecutionListener, org.springframework.test.context.support.DependencyInjectionTestExecutionListener, org.springframework.test.context.support.DirtiesContextTestExecutionListener, org.springframework.test.context.transaction.TransactionalTestExecutionListener, org.springframework.test.context.jdbc.SqlScriptsTestExecutionListener]
01:04:23.349 [Test worker] INFO org.springframework.boot.test.context.SpringBootTestContextBootstrapper - Using TestExecutionListeners: [org.springframework.test.context.web.ServletTestExecutionListener@21f98be, org.springframework.test.context.support.DirtiesContextBeforeModesTestExecutionListener@561b248, org.springframework.boot.test.mock.mockito.MockitoTestExecutionListener@195576dc, org.springframework.boot.test.autoconfigure.SpringBootDependencyInjectionTestExecutionListener@3e7b41cd, org.springframework.test.context.support.DirtiesContextTestExecutionListener@40dff4d4, org.springframework.test.context.transaction.TransactionalTestExecutionListener@4824fd75, org.springframework.test.context.jdbc.SqlScriptsTestExecutionListener@7af5813b, org.springframework.boot.test.autoconfigure.restdocs.RestDocsTestExecutionListener@1e64d281, org.springframework.boot.test.autoconfigure.web.client.MockRestServiceServerResetTestExecutionListener@21a2eccd, org.springframework.boot.test.autoconfigure.web.servlet.MockMvcPrintOnlyOnFailureTestExecutionListener@4e0272d9, org.springframework.boot.test.autoconfigure.web.servlet.WebDriverTestExecutionListener@1828de7b, org.springframework.boot.test.mock.mockito.ResetMocksTestExecutionListener@2060e725]
01:04:23.354 [Test worker] DEBUG org.springframework.test.annotation.ProfileValueUtils - Retrieved @ProfileValueSourceConfiguration [null] for test class [com.ncavchl.book.springboot.web.PostApiControllerTest]
01:04:23.355 [Test worker] DEBUG org.springframework.test.annotation.ProfileValueUtils - Retrieved ProfileValueSource type [class org.springframework.test.annotation.SystemProfileValueSource] for class [com.ncavchl.book.springboot.web.PostApiControllerTest]
01:04:23.362 [Test worker] DEBUG org.springframework.test.annotation.ProfileValueUtils - Retrieved @ProfileValueSourceConfiguration [null] for test class [com.ncavchl.book.springboot.web.PostApiControllerTest]
01:04:23.362 [Test worker] DEBUG org.springframework.test.annotation.ProfileValueUtils - Retrieved ProfileValueSource type [class org.springframework.test.annotation.SystemProfileValueSource] for class [com.ncavchl.book.springboot.web.PostApiControllerTest]
01:04:23.363 [Test worker] DEBUG org.springframework.test.annotation.ProfileValueUtils - Retrieved @ProfileValueSourceConfiguration [null] for test class [com.ncavchl.book.springboot.web.PostApiControllerTest]
01:04:23.363 [Test worker] DEBUG org.springframework.test.annotation.ProfileValueUtils - Retrieved ProfileValueSource type [class org.springframework.test.annotation.SystemProfileValueSource] for class [com.ncavchl.book.springboot.web.PostApiControllerTest]
01:04:23.370 [Test worker] DEBUG org.springframework.test.context.support.AbstractDirtiesContextTestExecutionListener - Before test class: context [DefaultTestContext@42f678a3 testClass = PostApiControllerTest, testInstance = [null], testMethod = [null], testException = [null], mergedContextConfiguration = [WebMergedContextConfiguration@35bbb9a7 testClass = PostApiControllerTest, locations = '{}', classes = '{class com.ncavchl.book.springboot.Application}', contextInitializerClasses = '[]', activeProfiles = '{}', propertySourceLocations = '{}', propertySourceProperties = '{org.springframework.boot.test.context.SpringBootTestContextBootstrapper=true, server.port=0}', contextCustomizers = set[org.springframework.boot.test.autoconfigure.properties.PropertyMappingContextCustomizer@0, org.springframework.boot.test.autoconfigure.web.servlet.WebDriverContextCustomizerFactory$Customizer@6b6b152f, org.springframework.boot.test.context.filter.ExcludeFilterContextCustomizer@728f1ad1, org.springframework.boot.test.json.DuplicateJsonObjectContextCustomizerFactory$DuplicateJsonObjectContextCustomizer@3acf6924, org.springframework.boot.test.mock.mockito.MockitoContextCustomizer@0, org.springframework.boot.test.web.client.TestRestTemplateContextCustomizer@126fd0d1], resourceBasePath = 'src/main/webapp', contextLoader = 'org.springframework.boot.test.context.SpringBootContextLoader', parent = [null]], attributes = map['org.springframework.test.context.web.ServletTestExecutionListener.activateListener' -> false]], class annotated with @DirtiesContext [false] with mode [null].
01:04:23.371 [Test worker] DEBUG org.springframework.test.annotation.ProfileValueUtils - Retrieved @ProfileValueSourceConfiguration [null] for test class [com.ncavchl.book.springboot.web.PostApiControllerTest]
01:04:23.371 [Test worker] DEBUG org.springframework.test.annotation.ProfileValueUtils - Retrieved ProfileValueSource type [class org.springframework.test.annotation.SystemProfileValueSource] for class [com.ncavchl.book.springboot.web.PostApiControllerTest]
01:04:23.378 [Test worker] DEBUG org.springframework.test.context.support.DependencyInjectionTestExecutionListener - Performing dependency injection for test context [[DefaultTestContext@42f678a3 testClass = PostApiControllerTest, testInstance = com.ncavchl.book.springboot.web.PostApiControllerTest@74e0d06b, testMethod = [null], testException = [null], mergedContextConfiguration = [WebMergedContextConfiguration@35bbb9a7 testClass = PostApiControllerTest, locations = '{}', classes = '{class com.ncavchl.book.springboot.Application}', contextInitializerClasses = '[]', activeProfiles = '{}', propertySourceLocations = '{}', propertySourceProperties = '{org.springframework.boot.test.context.SpringBootTestContextBootstrapper=true, server.port=0}', contextCustomizers = set[org.springframework.boot.test.autoconfigure.properties.PropertyMappingContextCustomizer@0, org.springframework.boot.test.autoconfigure.web.servlet.WebDriverContextCustomizerFactory$Customizer@6b6b152f, org.springframework.boot.test.context.filter.ExcludeFilterContextCustomizer@728f1ad1, org.springframework.boot.test.json.DuplicateJsonObjectContextCustomizerFactory$DuplicateJsonObjectContextCustomizer@3acf6924, org.springframework.boot.test.mock.mockito.MockitoContextCustomizer@0, org.springframework.boot.test.web.client.TestRestTemplateContextCustomizer@126fd0d1], resourceBasePath = 'src/main/webapp', contextLoader = 'org.springframework.boot.test.context.SpringBootContextLoader', parent = [null]], attributes = map['org.springframework.test.context.web.ServletTestExecutionListener.activateListener' -> false]]].
01:04:23.404 [Test worker] DEBUG org.springframework.test.context.support.TestPropertySourceUtils - Adding inlined properties to environment: {spring.jmx.enabled=false, org.springframework.boot.test.context.SpringBootTestContextBootstrapper=true, server.port=0}

  .   ____          _            __ _ _
 /\\ / ___'_ __ _ _(_)_ __  __ _ \ \ \ \
( ( )\___ | '_ | '_| | '_ \/ _` | \ \ \ \
 \\/  ___)| |_)| | | | | || (_| |  ) ) ) )
  '  |____| .__|_| |_|_| |_\__, | / / / /
 =========|_|==============|___/=/_/_/_/
 :: Spring Boot ::        (v2.1.7.RELEASE)

2021-01-24 01:04:23.858  INFO 29404 --- [    Test worker] c.n.b.s.web.PostApiControllerTest        : Starting PostApiControllerTest on LAPTOP-8NVBFI2D with PID 29404 (started by cnrrn in C:\cheon\coding\backend\Springboot_aws)
2021-01-24 01:04:23.860  INFO 29404 --- [    Test worker] c.n.b.s.web.PostApiControllerTest        : No active profile set, falling back to default profiles: default
2021-01-24 01:04:25.035  INFO 29404 --- [    Test worker] .s.d.r.c.RepositoryConfigurationDelegate : Bootstrapping Spring Data repositories in DEFAULT mode.
2021-01-24 01:04:25.152  INFO 29404 --- [    Test worker] .s.d.r.c.RepositoryConfigurationDelegate : Finished Spring Data repository scanning in 101ms. Found 1 repository interfaces.
2021-01-24 01:04:25.664  INFO 29404 --- [    Test worker] trationDelegate$BeanPostProcessorChecker : Bean 'org.springframework.transaction.annotation.ProxyTransactionManagementConfiguration' of type [org.springframework.transaction.annotation.ProxyTransactionManagementConfiguration$$EnhancerBySpringCGLIB$$62615f58] is not eligible for getting processed by all BeanPostProcessors (for example: not eligible for auto-proxying)
2021-01-24 01:04:26.227  INFO 29404 --- [    Test worker] o.s.b.w.embedded.tomcat.TomcatWebServer  : Tomcat initialized with port(s): 0 (http)
2021-01-24 01:04:26.263  INFO 29404 --- [    Test worker] o.apache.catalina.core.StandardService   : Starting service [Tomcat]
2021-01-24 01:04:26.263  INFO 29404 --- [    Test worker] org.apache.catalina.core.StandardEngine  : Starting Servlet engine: [Apache Tomcat/9.0.22]
2021-01-24 01:04:26.445  INFO 29404 --- [    Test worker] o.a.c.c.C.[Tomcat].[localhost].[/]       : Initializing Spring embedded WebApplicationContext
2021-01-24 01:04:26.445  INFO 29404 --- [    Test worker] o.s.web.context.ContextLoader            : Root WebApplicationContext: initialization completed in 2556 ms
2021-01-24 01:04:26.766  INFO 29404 --- [    Test worker] com.zaxxer.hikari.HikariDataSource       : HikariPool-1 - Starting...
2021-01-24 01:04:27.017  INFO 29404 --- [    Test worker] com.zaxxer.hikari.HikariDataSource       : HikariPool-1 - Start completed.
2021-01-24 01:04:27.156  INFO 29404 --- [    Test worker] o.hibernate.jpa.internal.util.LogHelper  : HHH000204: Processing PersistenceUnitInfo [
	name: default
	...]
2021-01-24 01:04:27.262  INFO 29404 --- [    Test worker] org.hibernate.Version                    : HHH000412: Hibernate Core {5.3.10.Final}
2021-01-24 01:04:27.265  INFO 29404 --- [    Test worker] org.hibernate.cfg.Environment            : HHH000206: hibernate.properties not found
2021-01-24 01:04:27.474  INFO 29404 --- [    Test worker] o.hibernate.annotations.common.Version   : HCANN000001: Hibernate Commons Annotations {5.0.4.Final}
2021-01-24 01:04:27.830  INFO 29404 --- [    Test worker] org.hibernate.dialect.Dialect            : HHH000400: Using dialect: org.hibernate.dialect.MySQL5InnoDBDialect
Hibernate: drop table if exists posts
Hibernate: create table posts (id bigint not null auto_increment, author varchar(255), content TEXT not null, title varchar(500) not null, primary key (id)) engine=InnoDB
2021-01-24 01:04:28.640  INFO 29404 --- [    Test worker] o.h.t.schema.internal.SchemaCreatorImpl  : HHH000476: Executing import script 'org.hibernate.tool.schema.internal.exec.ScriptSourceInputNonExistentImpl@2240846f'
2021-01-24 01:04:28.645  INFO 29404 --- [    Test worker] j.LocalContainerEntityManagerFactoryBean : Initialized JPA EntityManagerFactory for persistence unit 'default'
2021-01-24 01:04:30.878  INFO 29404 --- [    Test worker] o.s.s.concurrent.ThreadPoolTaskExecutor  : Initializing ExecutorService 'applicationTaskExecutor'
2021-01-24 01:04:30.982  WARN 29404 --- [    Test worker] aWebConfiguration$JpaWebMvcConfiguration : spring.jpa.open-in-view is enabled by default. Therefore, database queries may be performed during view rendering. Explicitly configure spring.jpa.open-in-view to disable this warning
2021-01-24 01:04:31.672  INFO 29404 --- [    Test worker] o.s.b.w.embedded.tomcat.TomcatWebServer  : Tomcat started on port(s): 50941 (http) with context path ''
2021-01-24 01:04:31.675  INFO 29404 --- [    Test worker] c.n.b.s.web.PostApiControllerTest        : Started PostApiControllerTest in 8.268 seconds (JVM running for 10.834)
2021-01-24 01:04:32.133  INFO 29404 --- [o-auto-1-exec-1] o.a.c.c.C.[Tomcat].[localhost].[/]       : Initializing Spring DispatcherServlet 'dispatcherServlet'
2021-01-24 01:04:32.134  INFO 29404 --- [o-auto-1-exec-1] o.s.web.servlet.DispatcherServlet        : Initializing Servlet 'dispatcherServlet'
2021-01-24 01:04:32.180  INFO 29404 --- [o-auto-1-exec-1] o.s.web.servlet.DispatcherServlet        : Completed initialization in 46 ms
Hibernate: insert into posts (author, content, title) values (?, ?, ?)
2021-01-24 01:04:32.617  INFO 29404 --- [    Test worker] o.h.h.i.QueryTranslatorFactoryInitiator  : HHH000397: Using ASTQueryTranslatorFactory
Hibernate: select posts0_.id as id1_0_, posts0_.author as author2_0_, posts0_.content as content3_0_, posts0_.title as title4_0_ from posts posts0_
Hibernate: select posts0_.id as id1_0_, posts0_.author as author2_0_, posts0_.content as content3_0_, posts0_.title as title4_0_ from posts posts0_
Hibernate: delete from posts where id=?
]]></system-out>
  <system-err><![CDATA[]]></system-err>
</testsuite>
